2023-12-04 23:19:00.297  INFO MININT-K87AE8S --- [           main] .s.d.r.c.RepositoryConfigurationDelegate : Bootstrapping Spring Data JPA repositories in DEFAULT mode.
2023-12-04 23:19:00.555  INFO MININT-K87AE8S --- [           main] .s.d.r.c.RepositoryConfigurationDelegate : Finished Spring Data repository scanning in 221 ms. Found 2 JPA repository interfaces.
2023-12-04 23:19:03.413  INFO MININT-K87AE8S --- [           main] o.s.b.w.e.t.TomcatWebServer              : Tomcat initialized with port(s): 8080 (http)
2023-12-04 23:19:03.442  INFO MININT-K87AE8S --- [           main] o.a.c.h.Http11NioProtocol                : Initializing ProtocolHandler ["http-nio-8080"]
2023-12-04 23:19:03.452  INFO MININT-K87AE8S --- [           main] o.a.c.c.StandardService                  : Starting service [Tomcat]
2023-12-04 23:19:03.453  INFO MININT-K87AE8S --- [           main] o.a.c.c.StandardEngine                   : Starting Servlet engine: [Apache Tomcat/9.0.62]
2023-12-04 23:19:04.157  INFO MININT-K87AE8S --- [           main] o.a.c.c.C.[.[.[/]                        : Initializing Spring embedded WebApplicationContext
2023-12-04 23:19:04.158  INFO MININT-K87AE8S --- [           main] w.s.c.ServletWebServerApplicationContext : Root WebApplicationContext: initialization completed in 7216 ms
2023-12-04 23:19:05.502  INFO MININT-K87AE8S --- [           main] o.h.j.i.u.LogHelper                      : HHH000204: Processing PersistenceUnitInfo [name: default]
2023-12-04 23:19:05.874  INFO MININT-K87AE8S --- [           main] o.h.Version                              : HHH000412: Hibernate ORM core version 5.6.8.Final
2023-12-04 23:19:06.536  INFO MININT-K87AE8S --- [           main] o.h.a.c.Version                          : HCANN000001: Hibernate Commons Annotations {5.1.2.Final}
2023-12-04 23:19:06.908  INFO MININT-K87AE8S --- [           main] c.z.h.HikariDataSource                   : HikariPool-1 - Starting...
2023-12-04 23:21:02.283  INFO MININT-K87AE8S --- [           main] .s.d.r.c.RepositoryConfigurationDelegate : Bootstrapping Spring Data JPA repositories in DEFAULT mode.
2023-12-04 23:21:02.527  INFO MININT-K87AE8S --- [           main] .s.d.r.c.RepositoryConfigurationDelegate : Finished Spring Data repository scanning in 209 ms. Found 2 JPA repository interfaces.
2023-12-04 23:21:06.356  INFO MININT-K87AE8S --- [           main] o.s.b.w.e.t.TomcatWebServer              : Tomcat initialized with port(s): 8080 (http)
2023-12-04 23:21:06.405  INFO MININT-K87AE8S --- [           main] o.a.c.h.Http11NioProtocol                : Initializing ProtocolHandler ["http-nio-8080"]
2023-12-04 23:21:06.408  INFO MININT-K87AE8S --- [           main] o.a.c.c.StandardService                  : Starting service [Tomcat]
2023-12-04 23:21:06.409  INFO MININT-K87AE8S --- [           main] o.a.c.c.StandardEngine                   : Starting Servlet engine: [Apache Tomcat/9.0.62]
2023-12-04 23:21:07.134  INFO MININT-K87AE8S --- [           main] o.a.c.c.C.[.[.[/]                        : Initializing Spring embedded WebApplicationContext
2023-12-04 23:21:07.135  INFO MININT-K87AE8S --- [           main] w.s.c.ServletWebServerApplicationContext : Root WebApplicationContext: initialization completed in 8400 ms
2023-12-04 23:21:08.778  INFO MININT-K87AE8S --- [           main] o.h.j.i.u.LogHelper                      : HHH000204: Processing PersistenceUnitInfo [name: default]
2023-12-04 23:21:09.080  INFO MININT-K87AE8S --- [           main] o.h.Version                              : HHH000412: Hibernate ORM core version 5.6.8.Final
2023-12-04 23:21:09.997  INFO MININT-K87AE8S --- [           main] o.h.a.c.Version                          : HCANN000001: Hibernate Commons Annotations {5.1.2.Final}
2023-12-04 23:21:10.460  INFO MININT-K87AE8S --- [           main] c.z.h.HikariDataSource                   : HikariPool-1 - Starting...
2023-12-04 23:21:12.057  INFO MININT-K87AE8S --- [           main] c.z.h.HikariDataSource                   : HikariPool-1 - Start completed.
2023-12-04 23:21:12.426  INFO MININT-K87AE8S --- [           main] o.h.d.Dialect                            : HHH000400: Using dialect: org.hibernate.dialect.MySQL8Dialect
2023-12-04 23:21:15.400  INFO MININT-K87AE8S --- [           main] o.h.e.t.j.p.i.JtaPlatformInitiator       : HHH000490: Using JtaPlatform implementation: [org.hibernate.engine.transaction.jta.platform.internal.NoJtaPlatform]
2023-12-04 23:21:15.436  INFO MININT-K87AE8S --- [           main] j.LocalContainerEntityManagerFactoryBean : Initialized JPA EntityManagerFactory for persistence unit 'default'
2023-12-04 23:21:18.314  WARN MININT-K87AE8S --- [           main] JpaBaseConfiguration$JpaWebConfiguration : spring.jpa.open-in-view is enabled by default. Therefore, database queries may be performed during view rendering. Explicitly configure spring.jpa.open-in-view to disable this warning
2023-12-04 23:21:20.363  INFO MININT-K87AE8S --- [           main] o.a.c.h.Http11NioProtocol                : Starting ProtocolHandler ["http-nio-8080"]
2023-12-04 23:21:20.550  INFO MININT-K87AE8S --- [           main] o.s.b.w.e.t.TomcatWebServer              : Tomcat started on port(s): 8080 (http) with context path ''
2023-12-04 23:24:17.487  INFO MININT-K87AE8S --- [ionShutdownHook] j.LocalContainerEntityManagerFactoryBean : Closing JPA EntityManagerFactory for persistence unit 'default'
2023-12-04 23:24:17.535  INFO MININT-K87AE8S --- [ionShutdownHook] c.z.h.HikariDataSource                   : HikariPool-1 - Shutdown initiated...
2023-12-04 23:24:17.764  INFO MININT-K87AE8S --- [ionShutdownHook] c.z.h.HikariDataSource                   : HikariPool-1 - Shutdown completed.
2023-12-04 23:24:28.005  INFO MININT-K87AE8S --- [           main] c.c.f.FullstackBackendApplication        : Starting FullstackBackendApplication using Java 20.0.1 on MININT-K87AE8S with PID 3988 (C:\dev\hotwheels-management\fullstack-backend\target\classes started by Administrator in C:\dev\hotwheels-management\fullstack-backend)
2023-12-04 23:24:28.060 DEBUG MININT-K87AE8S --- [           main] c.c.f.FullstackBackendApplication        : Running with Spring Boot v2.6.7, Spring v5.3.19
2023-12-04 23:24:28.064  INFO MININT-K87AE8S --- [           main] c.c.f.FullstackBackendApplication        : No active profile set, falling back to 1 default profile: "default"
2023-12-04 23:24:30.909  INFO MININT-K87AE8S --- [           main] .s.d.r.c.RepositoryConfigurationDelegate : Bootstrapping Spring Data JPA repositories in DEFAULT mode.
2023-12-04 23:24:31.178  INFO MININT-K87AE8S --- [           main] .s.d.r.c.RepositoryConfigurationDelegate : Finished Spring Data repository scanning in 213 ms. Found 2 JPA repository interfaces.
2023-12-04 23:24:34.169  INFO MININT-K87AE8S --- [           main] o.s.b.w.e.t.TomcatWebServer              : Tomcat initialized with port(s): 8080 (http)
2023-12-04 23:24:34.214  INFO MININT-K87AE8S --- [           main] o.a.c.h.Http11NioProtocol                : Initializing ProtocolHandler ["http-nio-8080"]
2023-12-04 23:24:34.241  INFO MININT-K87AE8S --- [           main] o.a.c.c.StandardService                  : Starting service [Tomcat]
2023-12-04 23:24:34.243  INFO MININT-K87AE8S --- [           main] o.a.c.c.StandardEngine                   : Starting Servlet engine: [Apache Tomcat/9.0.62]
2023-12-04 23:24:35.164  INFO MININT-K87AE8S --- [           main] o.a.c.c.C.[.[.[/]                        : Initializing Spring embedded WebApplicationContext
2023-12-04 23:24:35.165  INFO MININT-K87AE8S --- [           main] w.s.c.ServletWebServerApplicationContext : Root WebApplicationContext: initialization completed in 6876 ms
2023-12-04 23:24:36.177  INFO MININT-K87AE8S --- [           main] o.h.j.i.u.LogHelper                      : HHH000204: Processing PersistenceUnitInfo [name: default]
2023-12-04 23:24:36.913  INFO MININT-K87AE8S --- [           main] o.h.Version                              : HHH000412: Hibernate ORM core version 5.6.8.Final
2023-12-04 23:24:37.892  INFO MININT-K87AE8S --- [           main] o.h.a.c.Version                          : HCANN000001: Hibernate Commons Annotations {5.1.2.Final}
2023-12-04 23:24:38.398  INFO MININT-K87AE8S --- [           main] c.z.h.HikariDataSource                   : HikariPool-1 - Starting...
2023-12-04 23:24:40.199  INFO MININT-K87AE8S --- [           main] c.z.h.HikariDataSource                   : HikariPool-1 - Start completed.
2023-12-04 23:24:40.327  INFO MININT-K87AE8S --- [           main] o.h.d.Dialect                            : HHH000400: Using dialect: org.hibernate.dialect.MySQL8Dialect
2023-12-04 23:24:43.742  INFO MININT-K87AE8S --- [           main] o.h.e.t.j.p.i.JtaPlatformInitiator       : HHH000490: Using JtaPlatform implementation: [org.hibernate.engine.transaction.jta.platform.internal.NoJtaPlatform]
2023-12-04 23:24:43.773  INFO MININT-K87AE8S --- [           main] j.LocalContainerEntityManagerFactoryBean : Initialized JPA EntityManagerFactory for persistence unit 'default'
2023-12-04 23:24:46.449  WARN MININT-K87AE8S --- [           main] JpaBaseConfiguration$JpaWebConfiguration : spring.jpa.open-in-view is enabled by default. Therefore, database queries may be performed during view rendering. Explicitly configure spring.jpa.open-in-view to disable this warning
2023-12-04 23:24:48.497  INFO MININT-K87AE8S --- [           main] o.a.c.h.Http11NioProtocol                : Starting ProtocolHandler ["http-nio-8080"]
2023-12-04 23:24:48.591  INFO MININT-K87AE8S --- [           main] o.s.b.w.e.t.TomcatWebServer              : Tomcat started on port(s): 8080 (http) with context path ''
2023-12-04 23:24:48.626  INFO MININT-K87AE8S --- [           main] c.c.f.FullstackBackendApplication        : Started FullstackBackendApplication in 21.932 seconds (JVM running for 25.877)
2023-12-04 23:24:48.642 DEBUG MININT-K87AE8S --- [           main] c.c.f.FullstackBackendApplication        : Debugging log
2023-12-04 23:24:48.644  INFO MININT-K87AE8S --- [           main] c.c.f.FullstackBackendApplication        : Info log
2023-12-04 23:24:48.644  WARN MININT-K87AE8S --- [           main] c.c.f.FullstackBackendApplication        : Hey, This is a warning!
2023-12-04 23:24:48.645 ERROR MININT-K87AE8S --- [           main] c.c.f.FullstackBackendApplication        : Oops! We have an Error. OK
2023-12-04 23:24:48.645 FATAL MININT-K87AE8S --- [           main] c.c.f.FullstackBackendApplication        : Damn! Fatal error. Please fix me.
